[08/06/24 21:22:57] - TypeError: Cannot read properties of undefined (reading '6282322133457@s.whatsapp.net')
    at Object.main (/home/container/plugins/special/register.js:9:11813)
    at module.<computed> (/home/container/handler.js:2:74816)
    at process.processTicksAndRejections (node:internal/process/task_queues:95:5)
[08/06/24 21:23:01] - TypeError: Cannot read properties of undefined (reading '6282322133457@s.whatsapp.net')
    at Object.main (/home/container/plugins/special/register.js:9:11813)
    at module.<computed> (/home/container/handler.js:2:74816)
    at process.processTicksAndRejections (node:internal/process/task_queues:95:5)
[08/06/24 21:23:06] - TypeError: Cannot read properties of undefined (reading '6282322133457@s.whatsapp.net')
    at Object.main (/home/container/plugins/special/register.js:9:11813)
    at module.<computed> (/home/container/handler.js:2:74816)
    at process.processTicksAndRejections (node:internal/process/task_queues:95:5)
[08/06/24 21:24:03] - TypeError: Cannot read properties of undefined (reading '6281333154367@s.whatsapp.net')
    at Object.main (/home/container/plugins/special/register.js:9:11813)
    at module.<computed> (/home/container/handler.js:2:74816)
    at process.processTicksAndRejections (node:internal/process/task_queues:95:5)
[08/06/24 21:24:35] - TypeError: Cannot read properties of undefined (reading '6281333154367@s.whatsapp.net')
    at Object.main (/home/container/plugins/special/register.js:9:11813)
    at module.<computed> (/home/container/handler.js:2:74816)
    at process.processTicksAndRejections (node:internal/process/task_queues:95:5)
[08/06/24 21:25:19] - TypeError: Cannot read properties of undefined (reading '6281333154367@s.whatsapp.net')
    at Object.main (/home/container/plugins/special/register.js:9:11813)
    at module.<computed> (/home/container/handler.js:2:74816)
    at process.processTicksAndRejections (node:internal/process/task_queues:95:5)
[08/06/24 21:25:19] - TypeError: Cannot set properties of undefined (setting '6281333154367@s.whatsapp.net')
    at Object.async (/home/container/plugins/special/register.js:9:8803)
    at module.<computed> (/home/container/handler.js:2:103592)
    at process.processTicksAndRejections (node:internal/process/task_queues:95:5)
[08/06/24 21:25:42] - TypeError: Cannot read properties of undefined (reading '6281333154367@s.whatsapp.net')
    at Object.main (/home/container/plugins/special/register.js:9:11813)
    at module.<computed> (/home/container/handler.js:2:74816)
    at process.processTicksAndRejections (node:internal/process/task_queues:95:5)
[08/06/24 21:26:17] - TypeError: Cannot read properties of undefined (reading '62895415497664@s.whatsapp.net')
    at Object.main (/home/container/plugins/special/register.js:9:11813)
    at module.<computed> (/home/container/handler.js:2:74816)
    at process.processTicksAndRejections (node:internal/process/task_queues:95:5)
[08/06/24 21:26:21] - TypeError: Cannot read properties of undefined (reading '6281333154367@s.whatsapp.net')
    at Object.main (/home/container/plugins/special/register.js:9:11813)
    at module.<computed> (/home/container/handler.js:2:74816)
    at process.processTicksAndRejections (node:internal/process/task_queues:95:5)
[08/06/24 21:26:28] - TypeError: Cannot read properties of undefined (reading '62895415497664@s.whatsapp.net')
    at Object.main (/home/container/plugins/special/register.js:9:11813)
    at module.<computed> (/home/container/handler.js:2:74816)
    at process.processTicksAndRejections (node:internal/process/task_queues:95:5)
[08/06/24 21:26:33] - TypeError: Cannot read properties of undefined (reading '62895415497664@s.whatsapp.net')
    at Object.main (/home/container/plugins/special/register.js:9:11813)
    at module.<computed> (/home/container/handler.js:2:74816)
    at process.processTicksAndRejections (node:internal/process/task_queues:95:5)
[08/06/24 21:26:33] - TypeError: Cannot set properties of undefined (setting '62895415497664@s.whatsapp.net')
    at Object.async (/home/container/plugins/special/register.js:9:8803)
    at module.<computed> (/home/container/handler.js:2:103592)
    at process.processTicksAndRejections (node:internal/process/task_queues:95:5)
[08/06/24 21:26:52] - TypeError: Cannot read properties of undefined (reading '62895415497664@s.whatsapp.net')
    at Object.main (/home/container/plugins/special/register.js:9:11813)
    at module.<computed> (/home/container/handler.js:2:74816)
    at process.processTicksAndRejections (node:internal/process/task_queues:95:5)
[08/06/24 21:26:57] - TypeError: Cannot read properties of undefined (reading '62895415497664@s.whatsapp.net')
    at Object.main (/home/container/plugins/special/register.js:9:11813)
    at module.<computed> (/home/container/handler.js:2:74816)
    at process.processTicksAndRejections (node:internal/process/task_queues:95:5)
[08/06/24 21:27:03] - TypeError: Cannot read properties of undefined (reading '62895415497664@s.whatsapp.net')
    at Object.main (/home/container/plugins/special/register.js:9:11813)
    at module.<computed> (/home/container/handler.js:2:74816)
    at process.processTicksAndRejections (node:internal/process/task_queues:95:5)
[08/06/24 21:27:07] - TypeError: Cannot read properties of undefined (reading '62895415497664@s.whatsapp.net')
    at Object.main (/home/container/plugins/special/register.js:9:11813)
    at module.<computed> (/home/container/handler.js:2:74816)
    at process.processTicksAndRejections (node:internal/process/task_queues:95:5)
[08/06/24 22:17:41] - TypeError: Cannot read properties of undefined (reading 'title')
    at Object.async (/home/container/plugins/downloader/spotifydl.js:13:32)
    at process.processTicksAndRejections (node:internal/process/task_queues:95:5)
    at async module.<computed> (/home/container/handler.js:2:103485)
[08/06/24 22:45:23] - TypeError: _0x1a38f5.match is not a function
    at Socket._0x334fc6.<computed> [as ments] (/home/container/system/extra.js:2:86257)
    at Serialize._0x1a9d30.reply (/home/container/system/extra.js:2:271383)
    at Object.async (/home/container/plugins/ai/jadianime.js:15:10)
    at process.processTicksAndRejections (node:internal/process/task_queues:95:5)
    at async module.<computed> (/home/container/handler.js:2:103485)
